TN:
SF:/home/zasherma/Dev/ZachsCode/Movie_Book_Recommender/librarybuilder/include/Book.h
FN:39,39,_ZN4Book14increment_readEv
FNDA:3,_ZN4Book14increment_readEv
FNF:1
FNH:1
DA:39,3
LF:1
LH:1
end_of_record
TN:
SF:/home/zasherma/Dev/ZachsCode/Movie_Book_Recommender/librarybuilder/include/MediaCollection.h
FN:12,12,_ZN15MediaCollectionD0Ev
FN:12,12,_ZN15MediaCollectionD2Ev
FNDA:0,_ZN15MediaCollectionD0Ev
FNDA:55,_ZN15MediaCollectionD2Ev
FNF:2
FNH:1
DA:12,55
LF:1
LH:1
end_of_record
TN:
SF:/home/zasherma/Dev/ZachsCode/Movie_Book_Recommender/librarybuilder/src/Book.cpp
FN:13,13,_ZNK4Book14get_times_readEv
FN:14,14,_ZNK4Book8get_isbnB5cxx11Ev
FN:15,15,_ZNK4Book9get_genreB5cxx11Ev
FN:16,16,_ZNK4Book13get_sub_genreB5cxx11Ev
FN:17,17,_ZNK4Book10get_authorB5cxx11Ev
FN:19,21,_ZN4Book14set_times_readEi
FN:22,24,_ZN4Book8set_isbnERKNSt7__cxx1112basic_stringIcSt11char_traitsIcESaIcEEE
FN:25,27,_ZN4Book9set_genreERKNSt7__cxx1112basic_stringIcSt11char_traitsIcESaIcEEE
FN:28,30,_ZN4Book13set_sub_genreERKNSt7__cxx1112basic_stringIcSt11char_traitsIcESaIcEEE
FN:31,33,_ZN4Book10set_authorERKNSt7__cxx1112basic_stringIcSt11char_traitsIcESaIcEEE
FN:37,42,_ZNK4Book7displayEv
FN:7,10,_ZN4BookC2ERKNSt7__cxx1112basic_stringIcSt11char_traitsIcESaIcEEEiiS7_S7_S7_S7_
FNDA:0,_ZNK4Book14get_times_readEv
FNDA:0,_ZNK4Book8get_isbnB5cxx11Ev
FNDA:0,_ZNK4Book9get_genreB5cxx11Ev
FNDA:0,_ZNK4Book13get_sub_genreB5cxx11Ev
FNDA:0,_ZNK4Book10get_authorB5cxx11Ev
FNDA:0,_ZN4Book14set_times_readEi
FNDA:0,_ZN4Book8set_isbnERKNSt7__cxx1112basic_stringIcSt11char_traitsIcESaIcEEE
FNDA:0,_ZN4Book9set_genreERKNSt7__cxx1112basic_stringIcSt11char_traitsIcESaIcEEE
FNDA:0,_ZN4Book13set_sub_genreERKNSt7__cxx1112basic_stringIcSt11char_traitsIcESaIcEEE
FNDA:0,_ZN4Book10set_authorERKNSt7__cxx1112basic_stringIcSt11char_traitsIcESaIcEEE
FNDA:0,_ZNK4Book7displayEv
FNDA:38,_ZN4BookC2ERKNSt7__cxx1112basic_stringIcSt11char_traitsIcESaIcEEEiiS7_S7_S7_S7_
FNF:12
FNH:1
DA:7,38
DA:8,38
DA:9,38
DA:10,38
DA:13,0
DA:14,0
DA:15,0
DA:16,0
DA:17,0
DA:19,0
DA:20,0
DA:21,0
DA:22,0
DA:23,0
DA:24,0
DA:25,0
DA:26,0
DA:27,0
DA:28,0
DA:29,0
DA:30,0
DA:31,0
DA:32,0
DA:33,0
DA:37,0
DA:38,0
DA:39,0
DA:40,0
DA:41,0
DA:42,0
LF:30
LH:4
end_of_record
TN:
SF:/home/zasherma/Dev/ZachsCode/Movie_Book_Recommender/librarybuilder/src/BookCollection.cpp
FN:10,13,_ZN14BookCollectionC2ERKS_
FN:15,17,_ZN14BookCollectionD0Ev
FN:15,17,_ZN14BookCollectionD2Ev
FN:20,22,_ZNK14BookCollection9get_booksEv
FN:25,54,_ZN14BookCollection8add_bookERKNSt7__cxx1112basic_stringIcSt11char_traitsIcESaIcEEEiiS7_S7_S7_S7_
FN:5,8,_ZN14BookCollectionC2ERKNSt7__cxx1112basic_stringIcSt11char_traitsIcESaIcEEE
FN:57,65,_ZN14BookCollection14increment_readERKNSt7__cxx1112basic_stringIcSt11char_traitsIcESaIcEEE
FN:68,79,_ZNK14BookCollection7displayEv
FNDA:3,_ZN14BookCollectionC2ERKS_
FNDA:0,_ZN14BookCollectionD0Ev
FNDA:27,_ZN14BookCollectionD2Ev
FNDA:24,_ZNK14BookCollection9get_booksEv
FNDA:41,_ZN14BookCollection8add_bookERKNSt7__cxx1112basic_stringIcSt11char_traitsIcESaIcEEEiiS7_S7_S7_S7_
FNDA:24,_ZN14BookCollectionC2ERKNSt7__cxx1112basic_stringIcSt11char_traitsIcESaIcEEE
FNDA:6,_ZN14BookCollection14increment_readERKNSt7__cxx1112basic_stringIcSt11char_traitsIcESaIcEEE
FNDA:0,_ZNK14BookCollection7displayEv
FNF:8
FNH:6
DA:5,24
DA:6,24
DA:7,24
DA:8,24
DA:10,3
DA:11,3
DA:12,3
DA:13,3
DA:15,27
DA:16,27
DA:17,27
DA:20,24
DA:21,24
DA:25,41
DA:28,104
DA:29,25
DA:30,3
DA:34,38
DA:35,38
DA:36,42
DA:37,21
DA:41,17
DA:42,17
DA:43,10
DA:44,5
DA:45,12
DA:46,20
DA:47,5
DA:48,7
DA:49,7
DA:50,7
DA:53,0
DA:54,38
DA:57,6
DA:58,15
DA:59,6
DA:60,3
DA:61,3
DA:64,3
DA:68,0
DA:69,0
DA:70,0
DA:71,0
DA:74,0
DA:75,0
DA:76,0
DA:78,0
LF:47
LH:38
end_of_record
TN:
SF:/home/zasherma/Dev/ZachsCode/Movie_Book_Recommender/librarybuilder/src/DataBaseConnection.cpp
FN:22,24,_ZN18DataBaseConnection14set_connectionEv
FN:26,28,_ZN18DataBaseConnection10disconnectEv
FN:30,38,_ZN18DataBaseConnection5queryERKNSt7__cxx1112basic_stringIcSt11char_traitsIcESaIcEEE
FN:40,54,_ZN18DataBaseConnection14load_sql_queryERKNSt7__cxx1112basic_stringIcSt11char_traitsIcESaIcEEE
FN:8,20,_ZN18DataBaseConnectionC2Ev
FNDA:0,_ZN18DataBaseConnection14set_connectionEv
FNDA:0,_ZN18DataBaseConnection10disconnectEv
FNDA:0,_ZN18DataBaseConnection5queryERKNSt7__cxx1112basic_stringIcSt11char_traitsIcESaIcEEE
FNDA:0,_ZN18DataBaseConnection14load_sql_queryERKNSt7__cxx1112basic_stringIcSt11char_traitsIcESaIcEEE
FNDA:0,_ZN18DataBaseConnectionC2Ev
FNF:5
FNH:0
DA:8,0
DA:9,0
DA:10,0
DA:11,0
DA:12,0
DA:13,0
DA:15,0
DA:16,0
DA:17,0
DA:18,0
DA:19,0
DA:20,0
DA:22,0
DA:23,0
DA:24,0
DA:26,0
DA:27,0
DA:28,0
DA:30,0
DA:32,0
DA:34,0
DA:36,0
DA:37,0
DA:38,0
DA:40,0
DA:42,0
DA:43,0
DA:44,0
DA:47,0
DA:48,0
DA:49,0
DA:51,0
DA:53,0
DA:54,0
LF:34
LH:0
end_of_record
TN:
SF:/home/zasherma/Dev/ZachsCode/Movie_Book_Recommender/librarybuilder/src/Media.cpp
FN:18,20,_ZNK5MediaeqERKS_
FN:21,23,_ZNK5MedialtERKS_
FN:24,26,_ZNK5MediagtERKS_
FN:29,29,_ZNK5Media9get_titleB5cxx11Ev
FN:30,30,_ZNK5Media18get_times_consumedEv
FN:31,31,_ZNK5Media15get_user_ratingEv
FN:33,35,_ZN5Media9set_titleERKNSt7__cxx1112basic_stringIcSt11char_traitsIcESaIcEEE
FN:36,38,_ZN5Media18set_times_consumedEi
FN:39,41,_ZN5Media15set_user_ratingEi
FN:44,44,_ZN5Media24increment_times_consumedEv
FN:7,15,_ZN5MediaC2ERKNSt7__cxx1112basic_stringIcSt11char_traitsIcESaIcEEEii
FNDA:0,_ZNK5MediaeqERKS_
FNDA:55,_ZNK5MedialtERKS_
FNDA:10,_ZNK5MediagtERKS_
FNDA:96,_ZNK5Media9get_titleB5cxx11Ev
FNDA:0,_ZNK5Media18get_times_consumedEv
FNDA:0,_ZNK5Media15get_user_ratingEv
FNDA:0,_ZN5Media9set_titleERKNSt7__cxx1112basic_stringIcSt11char_traitsIcESaIcEEE
FNDA:0,_ZN5Media18set_times_consumedEi
FNDA:0,_ZN5Media15set_user_ratingEi
FNDA:6,_ZN5Media24increment_times_consumedEv
FNDA:76,_ZN5MediaC2ERKNSt7__cxx1112basic_stringIcSt11char_traitsIcESaIcEEEii
FNF:11
FNH:5
DA:7,76
DA:8,76
DA:9,76
DA:10,0
DA:12,76
DA:13,0
DA:15,76
DA:18,0
DA:19,0
DA:21,55
DA:22,55
DA:24,10
DA:25,10
DA:29,96
DA:30,0
DA:31,0
DA:33,0
DA:34,0
DA:35,0
DA:36,0
DA:37,0
DA:38,0
DA:39,0
DA:40,0
DA:41,0
DA:44,6
LF:26
LH:11
end_of_record
TN:
SF:/home/zasherma/Dev/ZachsCode/Movie_Book_Recommender/librarybuilder/src/MediaCollection.cpp
FN:10,12,_ZN15MediaCollection8set_nameERKNSt7__cxx1112basic_stringIcSt11char_traitsIcESaIcEEE
FN:4,5,_ZN15MediaCollectionC2ERKNSt7__cxx1112basic_stringIcSt11char_traitsIcESaIcEEE
FN:7,9,_ZNK15MediaCollection8get_nameB5cxx11Ev
FNDA:0,_ZN15MediaCollection8set_nameERKNSt7__cxx1112basic_stringIcSt11char_traitsIcESaIcEEE
FNDA:55,_ZN15MediaCollectionC2ERKNSt7__cxx1112basic_stringIcSt11char_traitsIcESaIcEEE
FNDA:4,_ZNK15MediaCollection8get_nameB5cxx11Ev
FNF:3
FNH:2
DA:4,55
DA:5,55
DA:7,4
DA:8,4
DA:10,0
DA:11,0
DA:12,0
LF:7
LH:4
end_of_record
TN:
SF:/home/zasherma/Dev/ZachsCode/Movie_Book_Recommender/librarybuilder/src/Movie.cpp
FN:12,12,_ZNK5Movie14get_mpa_ratingB5cxx11Ev
FN:13,13,_ZNK5Movie17get_times_watchedEv
FN:15,17,_ZN5Movie14set_mpa_ratingERKNSt7__cxx1112basic_stringIcSt11char_traitsIcESaIcEEE
FN:18,20,_ZN5Movie17set_times_watchedEi
FN:24,26,_ZNK5Movie7displayEv
FN:7,9,_ZN5MovieC2ERKNSt7__cxx1112basic_stringIcSt11char_traitsIcESaIcEEEiiS7_
FNDA:0,_ZNK5Movie14get_mpa_ratingB5cxx11Ev
FNDA:0,_ZNK5Movie17get_times_watchedEv
FNDA:0,_ZN5Movie14set_mpa_ratingERKNSt7__cxx1112basic_stringIcSt11char_traitsIcESaIcEEE
FNDA:0,_ZN5Movie17set_times_watchedEi
FNDA:0,_ZNK5Movie7displayEv
FNDA:38,_ZN5MovieC2ERKNSt7__cxx1112basic_stringIcSt11char_traitsIcESaIcEEEiiS7_
FNF:6
FNH:1
DA:7,38
DA:8,38
DA:9,38
DA:12,0
DA:13,0
DA:15,0
DA:16,0
DA:17,0
DA:18,0
DA:19,0
DA:20,0
DA:24,0
DA:25,0
DA:26,0
LF:14
LH:3
end_of_record
TN:
SF:/home/zasherma/Dev/ZachsCode/Movie_Book_Recommender/librarybuilder/src/MovieCollection.cpp
FN:10,13,_ZN15MovieCollectionC2ERKS_
FN:15,17,_ZN15MovieCollectionD0Ev
FN:15,17,_ZN15MovieCollectionD2Ev
FN:20,22,_ZNK15MovieCollection10get_moviesEv
FN:25,52,_ZN15MovieCollection9add_movieERKNSt7__cxx1112basic_stringIcSt11char_traitsIcESaIcEEES7_ii
FN:5,8,_ZN15MovieCollectionC2ERKNSt7__cxx1112basic_stringIcSt11char_traitsIcESaIcEEE
FN:55,63,_ZN15MovieCollection17increment_watchedERKNSt7__cxx1112basic_stringIcSt11char_traitsIcESaIcEEE
FN:66,77,_ZNK15MovieCollection7displayEv
FNDA:3,_ZN15MovieCollectionC2ERKS_
FNDA:0,_ZN15MovieCollectionD0Ev
FNDA:28,_ZN15MovieCollectionD2Ev
FNDA:24,_ZNK15MovieCollection10get_moviesEv
FNDA:41,_ZN15MovieCollection9add_movieERKNSt7__cxx1112basic_stringIcSt11char_traitsIcESaIcEEES7_ii
FNDA:25,_ZN15MovieCollectionC2ERKNSt7__cxx1112basic_stringIcSt11char_traitsIcESaIcEEE
FNDA:6,_ZN15MovieCollection17increment_watchedERKNSt7__cxx1112basic_stringIcSt11char_traitsIcESaIcEEE
FNDA:0,_ZNK15MovieCollection7displayEv
FNF:8
FNH:6
DA:5,25
DA:6,25
DA:7,25
DA:8,25
DA:10,3
DA:11,3
DA:12,3
DA:13,3
DA:15,28
DA:16,28
DA:17,28
DA:20,24
DA:21,24
DA:25,41
DA:27,104
DA:28,25
DA:29,3
DA:33,38
DA:34,38
DA:35,42
DA:36,21
DA:39,17
DA:40,17
DA:41,16
DA:42,8
DA:43,9
DA:44,20
DA:45,5
DA:46,4
DA:47,4
DA:48,4
DA:51,0
DA:52,38
DA:55,6
DA:56,15
DA:57,6
DA:58,3
DA:59,3
DA:62,3
DA:66,0
DA:67,0
DA:68,0
DA:69,0
DA:72,0
DA:73,0
DA:74,0
DA:76,0
LF:47
LH:38
end_of_record
TN:
SF:/home/zasherma/Dev/ZachsCode/Movie_Book_Recommender/librarybuilder/src/SQLQueryUtil.cpp
FN:18,25,_Z12create_tableR18DataBaseConnectionRK14BookCollection
FN:27,40,_Z7add_rowR18DataBaseConnectionRK5MovieRKNSt7__cxx1112basic_stringIcSt11char_traitsIcESaIcEEE
FN:42,58,_Z7add_rowR18DataBaseConnectionRK4BookRKNSt7__cxx1112basic_stringIcSt11char_traitsIcESaIcEEE
FN:60,68,_Z10delete_rowR18DataBaseConnectionRKNSt7__cxx1112basic_stringIcSt11char_traitsIcESaIcEEES8_
FN:70,84,_Z21load_movie_collectionR18DataBaseConnectionRKNSt7__cxx1112basic_stringIcSt11char_traitsIcESaIcEEE
FN:86,103,_Z20load_book_collectionR18DataBaseConnectionRKNSt7__cxx1112basic_stringIcSt11char_traitsIcESaIcEEE
FN:9,16,_Z12create_tableR18DataBaseConnectionRK15MovieCollection
FNDA:0,_Z12create_tableR18DataBaseConnectionRK14BookCollection
FNDA:0,_Z7add_rowR18DataBaseConnectionRK5MovieRKNSt7__cxx1112basic_stringIcSt11char_traitsIcESaIcEEE
FNDA:0,_Z7add_rowR18DataBaseConnectionRK4BookRKNSt7__cxx1112basic_stringIcSt11char_traitsIcESaIcEEE
FNDA:0,_Z10delete_rowR18DataBaseConnectionRKNSt7__cxx1112basic_stringIcSt11char_traitsIcESaIcEEES8_
FNDA:0,_Z21load_movie_collectionR18DataBaseConnectionRKNSt7__cxx1112basic_stringIcSt11char_traitsIcESaIcEEE
FNDA:0,_Z20load_book_collectionR18DataBaseConnectionRKNSt7__cxx1112basic_stringIcSt11char_traitsIcESaIcEEE
FNDA:0,_Z12create_tableR18DataBaseConnectionRK15MovieCollection
FNF:7
FNH:0
DA:9,0
DA:10,0
DA:11,0
DA:12,0
DA:13,0
DA:14,0
DA:16,0
DA:18,0
DA:19,0
DA:20,0
DA:21,0
DA:22,0
DA:23,0
DA:25,0
DA:27,0
DA:28,0
DA:29,0
DA:30,0
DA:31,0
DA:32,0
DA:33,0
DA:34,0
DA:35,0
DA:36,0
DA:37,0
DA:39,0
DA:40,0
DA:42,0
DA:43,0
DA:44,0
DA:45,0
DA:46,0
DA:47,0
DA:48,0
DA:49,0
DA:50,0
DA:51,0
DA:52,0
DA:53,0
DA:54,0
DA:55,0
DA:57,0
DA:58,0
DA:60,0
DA:62,0
DA:63,0
DA:64,0
DA:65,0
DA:67,0
DA:68,0
DA:70,0
DA:71,0
DA:72,0
DA:73,0
DA:75,0
DA:76,0
DA:79,0
DA:80,0
DA:81,0
DA:83,0
DA:84,0
DA:86,0
DA:87,0
DA:88,0
DA:89,0
DA:92,0
DA:93,0
DA:97,0
DA:98,0
DA:99,0
DA:100,0
DA:102,0
DA:103,0
LF:73
LH:0
end_of_record
TN:
SF:/home/zasherma/Dev/ZachsCode/Movie_Book_Recommender/librarybuilder/src/Util.cpp
FN:14,20,_Z9add_movieR15MovieCollectionRKNSt7__cxx1112basic_stringIcSt11char_traitsIcESaIcEEES8_ii
FN:23,29,_Z14increment_readR14BookCollectionRKNSt7__cxx1112basic_stringIcSt11char_traitsIcESaIcEEE
FN:31,39,_Z8add_bookR14BookCollectionRKNSt7__cxx1112basic_stringIcSt11char_traitsIcESaIcEEEiiS8_S8_S8_S8_
FN:41,47,_Z19validate_table_nameRKNSt7__cxx1112basic_stringIcSt11char_traitsIcESaIcEEE
FN:49,54,_Z18prepare_table_nameB5cxx11RK15MediaCollection
FN:6,12,_Z17increment_watchedR15MovieCollectionRKNSt7__cxx1112basic_stringIcSt11char_traitsIcESaIcEEE
FNDA:0,_Z9add_movieR15MovieCollectionRKNSt7__cxx1112basic_stringIcSt11char_traitsIcESaIcEEES8_ii
FNDA:0,_Z14increment_readR14BookCollectionRKNSt7__cxx1112basic_stringIcSt11char_traitsIcESaIcEEE
FNDA:0,_Z8add_bookR14BookCollectionRKNSt7__cxx1112basic_stringIcSt11char_traitsIcESaIcEEEiiS8_S8_S8_S8_
FNDA:3,_Z19validate_table_nameRKNSt7__cxx1112basic_stringIcSt11char_traitsIcESaIcEEE
FNDA:1,_Z18prepare_table_nameB5cxx11RK15MediaCollection
FNDA:0,_Z17increment_watchedR15MovieCollectionRKNSt7__cxx1112basic_stringIcSt11char_traitsIcESaIcEEE
FNF:6
FNH:2
DA:6,0
DA:7,0
DA:8,0
DA:10,0
DA:12,0
DA:14,0
DA:15,0
DA:16,0
DA:18,0
DA:20,0
DA:23,0
DA:24,0
DA:25,0
DA:27,0
DA:29,0
DA:31,0
DA:34,0
DA:35,0
DA:37,0
DA:39,0
DA:41,3
DA:42,35
DA:43,30
DA:44,3
DA:47,2
DA:49,1
DA:50,1
DA:51,1
DA:52,1
DA:53,1
DA:54,0
LF:31
LH:10
end_of_record
TN:
SF:/home/zasherma/Dev/ZachsCode/Movie_Book_Recommender/librarybuilder/test/BookCollectionTest.cpp
FN:15,15,_ZN38BookCollectionTest_AddAtBeginning_Test8TestBodyEv
FN:15,15,_ZN38BookCollectionTest_AddAtBeginning_TestC2Ev
FN:15,15,_ZN38BookCollectionTest_AddAtBeginning_TestD0Ev
FN:15,15,_ZN38BookCollectionTest_AddAtBeginning_TestD2Ev
FN:22,22,_ZN35BookCollectionTest_AddInMiddle_Test8TestBodyEv
FN:22,22,_ZN35BookCollectionTest_AddInMiddle_TestC2Ev
FN:22,22,_ZN35BookCollectionTest_AddInMiddle_TestD0Ev
FN:22,22,_ZN35BookCollectionTest_AddInMiddle_TestD2Ev
FN:30,30,_ZN32BookCollectionTest_AddAtEnd_Test8TestBodyEv
FN:30,30,_ZN32BookCollectionTest_AddAtEnd_TestC2Ev
FN:30,30,_ZN32BookCollectionTest_AddAtEnd_TestD0Ev
FN:30,30,_ZN32BookCollectionTest_AddAtEnd_TestD2Ev
FN:37,37,_ZN36BookCollectionTest_AddDuplicate_Test8TestBodyEv
FN:37,37,_ZN36BookCollectionTest_AddDuplicate_TestC2Ev
FN:37,37,_ZN36BookCollectionTest_AddDuplicate_TestD0Ev
FN:37,37,_ZN36BookCollectionTest_AddDuplicate_TestD2Ev
FN:46,46,_ZN37BookCollectionTest_IncrementRead_Test8TestBodyEv
FN:46,46,_ZN37BookCollectionTest_IncrementRead_TestC2Ev
FN:46,46,_ZN37BookCollectionTest_IncrementRead_TestD0Ev
FN:46,46,_ZN37BookCollectionTest_IncrementRead_TestD2Ev
FN:5,5,_ZN39BookCollectionTest_EmptyCollection_Test8TestBodyEv
FN:5,5,_ZN39BookCollectionTest_EmptyCollection_TestC2Ev
FN:5,5,_ZN39BookCollectionTest_EmptyCollection_TestD0Ev
FN:5,5,_ZN39BookCollectionTest_EmptyCollection_TestD2Ev
FN:54,63,_ZN42BookCollectionTest_LexicographicOrder_Test8TestBodyEv
FN:54,63,_ZN42BookCollectionTest_LexicographicOrder_TestC2Ev
FN:54,63,_ZN42BookCollectionTest_LexicographicOrder_TestD0Ev
FN:54,63,_ZN42BookCollectionTest_LexicographicOrder_TestD2Ev
FN:65,65,_ZN32BookCollectionTest_DeepCopy_Test8TestBodyEv
FN:65,65,_ZN32BookCollectionTest_DeepCopy_TestC2Ev
FN:65,65,_ZN32BookCollectionTest_DeepCopy_TestD0Ev
FN:65,65,_ZN32BookCollectionTest_DeepCopy_TestD2Ev
FN:9,9,_ZN34BookCollectionTest_AddToEmpty_Test8TestBodyEv
FN:9,9,_ZN34BookCollectionTest_AddToEmpty_TestC2Ev
FN:9,9,_ZN34BookCollectionTest_AddToEmpty_TestD0Ev
FN:9,9,_ZN34BookCollectionTest_AddToEmpty_TestD2Ev
FNDA:2,_ZN38BookCollectionTest_AddAtBeginning_Test8TestBodyEv
FNDA:2,_ZN38BookCollectionTest_AddAtBeginning_TestC2Ev
FNDA:2,_ZN38BookCollectionTest_AddAtBeginning_TestD0Ev
FNDA:2,_ZN38BookCollectionTest_AddAtBeginning_TestD2Ev
FNDA:2,_ZN35BookCollectionTest_AddInMiddle_Test8TestBodyEv
FNDA:2,_ZN35BookCollectionTest_AddInMiddle_TestC2Ev
FNDA:2,_ZN35BookCollectionTest_AddInMiddle_TestD0Ev
FNDA:2,_ZN35BookCollectionTest_AddInMiddle_TestD2Ev
FNDA:2,_ZN32BookCollectionTest_AddAtEnd_Test8TestBodyEv
FNDA:2,_ZN32BookCollectionTest_AddAtEnd_TestC2Ev
FNDA:2,_ZN32BookCollectionTest_AddAtEnd_TestD0Ev
FNDA:2,_ZN32BookCollectionTest_AddAtEnd_TestD2Ev
FNDA:2,_ZN36BookCollectionTest_AddDuplicate_Test8TestBodyEv
FNDA:2,_ZN36BookCollectionTest_AddDuplicate_TestC2Ev
FNDA:2,_ZN36BookCollectionTest_AddDuplicate_TestD0Ev
FNDA:2,_ZN36BookCollectionTest_AddDuplicate_TestD2Ev
FNDA:2,_ZN37BookCollectionTest_IncrementRead_Test8TestBodyEv
FNDA:2,_ZN37BookCollectionTest_IncrementRead_TestC2Ev
FNDA:2,_ZN37BookCollectionTest_IncrementRead_TestD0Ev
FNDA:2,_ZN37BookCollectionTest_IncrementRead_TestD2Ev
FNDA:2,_ZN39BookCollectionTest_EmptyCollection_Test8TestBodyEv
FNDA:2,_ZN39BookCollectionTest_EmptyCollection_TestC2Ev
FNDA:2,_ZN39BookCollectionTest_EmptyCollection_TestD0Ev
FNDA:2,_ZN39BookCollectionTest_EmptyCollection_TestD2Ev
FNDA:2,_ZN42BookCollectionTest_LexicographicOrder_Test8TestBodyEv
FNDA:2,_ZN42BookCollectionTest_LexicographicOrder_TestC2Ev
FNDA:2,_ZN42BookCollectionTest_LexicographicOrder_TestD0Ev
FNDA:2,_ZN42BookCollectionTest_LexicographicOrder_TestD2Ev
FNDA:2,_ZN32BookCollectionTest_DeepCopy_Test8TestBodyEv
FNDA:2,_ZN32BookCollectionTest_DeepCopy_TestC2Ev
FNDA:2,_ZN32BookCollectionTest_DeepCopy_TestD0Ev
FNDA:2,_ZN32BookCollectionTest_DeepCopy_TestD2Ev
FNDA:2,_ZN34BookCollectionTest_AddToEmpty_Test8TestBodyEv
FNDA:2,_ZN34BookCollectionTest_AddToEmpty_TestC2Ev
FNDA:2,_ZN34BookCollectionTest_AddToEmpty_TestD0Ev
FNDA:2,_ZN34BookCollectionTest_AddToEmpty_TestD2Ev
FNF:36
FNH:36
DA:5,8
DA:6,2
DA:7,2
DA:8,2
DA:9,8
DA:10,4
DA:11,20
DA:12,2
DA:13,2
DA:15,8
DA:16,4
DA:17,20
DA:18,18
DA:19,2
DA:20,2
DA:22,8
DA:23,4
DA:24,20
DA:25,20
DA:26,18
DA:27,2
DA:28,2
DA:30,8
DA:31,4
DA:32,20
DA:33,18
DA:34,2
DA:35,2
DA:37,8
DA:38,4
DA:39,10
DA:40,10
DA:41,20
DA:42,2
DA:43,2
DA:44,2
DA:46,8
DA:47,4
DA:48,2
DA:49,18
DA:50,4
DA:51,4
DA:52,2
DA:54,8
DA:55,4
DA:56,20
DA:57,20
DA:58,18
DA:59,2
DA:60,2
DA:61,2
DA:62,2
DA:63,2
DA:65,8
DA:66,4
DA:67,10
DA:68,8
DA:69,2
DA:70,2
DA:71,16
DA:72,2
DA:73,2
DA:74,2
LF:63
LH:63
end_of_record
TN:
SF:/home/zasherma/Dev/ZachsCode/Movie_Book_Recommender/librarybuilder/test/CollectionLoadingTest.cpp
FN:15,15,_ZN36CollectionLoadingTest_LoadBooks_Test8TestBodyEv
FN:15,15,_ZN36CollectionLoadingTest_LoadBooks_TestC2Ev
FN:15,15,_ZN36CollectionLoadingTest_LoadBooks_TestD0Ev
FN:15,15,_ZN36CollectionLoadingTest_LoadBooks_TestD2Ev
FN:6,6,_ZN37CollectionLoadingTest_LoadMovies_Test8TestBodyEv
FN:6,6,_ZN37CollectionLoadingTest_LoadMovies_TestC2Ev
FN:6,6,_ZN37CollectionLoadingTest_LoadMovies_TestD0Ev
FN:6,6,_ZN37CollectionLoadingTest_LoadMovies_TestD2Ev
FNDA:0,_ZN36CollectionLoadingTest_LoadBooks_Test8TestBodyEv
FNDA:0,_ZN36CollectionLoadingTest_LoadBooks_TestC2Ev
FNDA:0,_ZN36CollectionLoadingTest_LoadBooks_TestD0Ev
FNDA:0,_ZN36CollectionLoadingTest_LoadBooks_TestD2Ev
FNDA:0,_ZN37CollectionLoadingTest_LoadMovies_Test8TestBodyEv
FNDA:0,_ZN37CollectionLoadingTest_LoadMovies_TestC2Ev
FNDA:0,_ZN37CollectionLoadingTest_LoadMovies_TestD0Ev
FNDA:0,_ZN37CollectionLoadingTest_LoadMovies_TestD2Ev
FNF:8
FNH:0
DA:6,0
DA:7,0
DA:8,0
DA:9,0
DA:10,0
DA:11,0
DA:12,0
DA:13,0
DA:15,0
DA:16,0
DA:17,0
DA:18,0
DA:19,0
DA:20,0
DA:21,0
DA:22,0
DA:23,0
LF:17
LH:0
end_of_record
TN:
SF:/home/zasherma/Dev/ZachsCode/Movie_Book_Recommender/librarybuilder/test/MovieCollectionTest.cpp
FN:10,10,_ZN35MovieCollectionTest_AddToEmpty_Test8TestBodyEv
FN:10,10,_ZN35MovieCollectionTest_AddToEmpty_TestC2Ev
FN:10,10,_ZN35MovieCollectionTest_AddToEmpty_TestD0Ev
FN:10,10,_ZN35MovieCollectionTest_AddToEmpty_TestD2Ev
FN:16,16,_ZN39MovieCollectionTest_AddAtBeginning_Test8TestBodyEv
FN:16,16,_ZN39MovieCollectionTest_AddAtBeginning_TestC2Ev
FN:16,16,_ZN39MovieCollectionTest_AddAtBeginning_TestD0Ev
FN:16,16,_ZN39MovieCollectionTest_AddAtBeginning_TestD2Ev
FN:23,23,_ZN36MovieCollectionTest_AddInMiddle_Test8TestBodyEv
FN:23,23,_ZN36MovieCollectionTest_AddInMiddle_TestC2Ev
FN:23,23,_ZN36MovieCollectionTest_AddInMiddle_TestD0Ev
FN:23,23,_ZN36MovieCollectionTest_AddInMiddle_TestD2Ev
FN:31,31,_ZN33MovieCollectionTest_AddAtEnd_Test8TestBodyEv
FN:31,31,_ZN33MovieCollectionTest_AddAtEnd_TestC2Ev
FN:31,31,_ZN33MovieCollectionTest_AddAtEnd_TestD0Ev
FN:31,31,_ZN33MovieCollectionTest_AddAtEnd_TestD2Ev
FN:38,38,_ZN37MovieCollectionTest_AddDuplicate_Test8TestBodyEv
FN:38,38,_ZN37MovieCollectionTest_AddDuplicate_TestC2Ev
FN:38,38,_ZN37MovieCollectionTest_AddDuplicate_TestD0Ev
FN:38,38,_ZN37MovieCollectionTest_AddDuplicate_TestD2Ev
FN:45,45,_ZN41MovieCollectionTest_IncrementWatched_Test8TestBodyEv
FN:45,45,_ZN41MovieCollectionTest_IncrementWatched_TestC2Ev
FN:45,45,_ZN41MovieCollectionTest_IncrementWatched_TestD0Ev
FN:45,45,_ZN41MovieCollectionTest_IncrementWatched_TestD2Ev
FN:5,5,_ZN40MovieCollectionTest_EmptyCollection_Test8TestBodyEv
FN:5,5,_ZN40MovieCollectionTest_EmptyCollection_TestC2Ev
FN:5,5,_ZN40MovieCollectionTest_EmptyCollection_TestD0Ev
FN:5,5,_ZN40MovieCollectionTest_EmptyCollection_TestD2Ev
FN:52,61,_ZN43MovieCollectionTest_LexicographicOrder_Test8TestBodyEv
FN:52,61,_ZN43MovieCollectionTest_LexicographicOrder_TestC2Ev
FN:52,61,_ZN43MovieCollectionTest_LexicographicOrder_TestD0Ev
FN:52,61,_ZN43MovieCollectionTest_LexicographicOrder_TestD2Ev
FN:63,63,_ZN33MovieCollectionTest_DeepCopy_Test8TestBodyEv
FN:63,63,_ZN33MovieCollectionTest_DeepCopy_TestC2Ev
FN:63,63,_ZN33MovieCollectionTest_DeepCopy_TestD0Ev
FN:63,63,_ZN33MovieCollectionTest_DeepCopy_TestD2Ev
FNDA:2,_ZN35MovieCollectionTest_AddToEmpty_Test8TestBodyEv
FNDA:2,_ZN35MovieCollectionTest_AddToEmpty_TestC2Ev
FNDA:2,_ZN35MovieCollectionTest_AddToEmpty_TestD0Ev
FNDA:2,_ZN35MovieCollectionTest_AddToEmpty_TestD2Ev
FNDA:2,_ZN39MovieCollectionTest_AddAtBeginning_Test8TestBodyEv
FNDA:2,_ZN39MovieCollectionTest_AddAtBeginning_TestC2Ev
FNDA:2,_ZN39MovieCollectionTest_AddAtBeginning_TestD0Ev
FNDA:2,_ZN39MovieCollectionTest_AddAtBeginning_TestD2Ev
FNDA:2,_ZN36MovieCollectionTest_AddInMiddle_Test8TestBodyEv
FNDA:2,_ZN36MovieCollectionTest_AddInMiddle_TestC2Ev
FNDA:2,_ZN36MovieCollectionTest_AddInMiddle_TestD0Ev
FNDA:2,_ZN36MovieCollectionTest_AddInMiddle_TestD2Ev
FNDA:2,_ZN33MovieCollectionTest_AddAtEnd_Test8TestBodyEv
FNDA:2,_ZN33MovieCollectionTest_AddAtEnd_TestC2Ev
FNDA:2,_ZN33MovieCollectionTest_AddAtEnd_TestD0Ev
FNDA:2,_ZN33MovieCollectionTest_AddAtEnd_TestD2Ev
FNDA:2,_ZN37MovieCollectionTest_AddDuplicate_Test8TestBodyEv
FNDA:2,_ZN37MovieCollectionTest_AddDuplicate_TestC2Ev
FNDA:2,_ZN37MovieCollectionTest_AddDuplicate_TestD0Ev
FNDA:2,_ZN37MovieCollectionTest_AddDuplicate_TestD2Ev
FNDA:2,_ZN41MovieCollectionTest_IncrementWatched_Test8TestBodyEv
FNDA:2,_ZN41MovieCollectionTest_IncrementWatched_TestC2Ev
FNDA:2,_ZN41MovieCollectionTest_IncrementWatched_TestD0Ev
FNDA:2,_ZN41MovieCollectionTest_IncrementWatched_TestD2Ev
FNDA:2,_ZN40MovieCollectionTest_EmptyCollection_Test8TestBodyEv
FNDA:2,_ZN40MovieCollectionTest_EmptyCollection_TestC2Ev
FNDA:2,_ZN40MovieCollectionTest_EmptyCollection_TestD0Ev
FNDA:2,_ZN40MovieCollectionTest_EmptyCollection_TestD2Ev
FNDA:2,_ZN43MovieCollectionTest_LexicographicOrder_Test8TestBodyEv
FNDA:2,_ZN43MovieCollectionTest_LexicographicOrder_TestC2Ev
FNDA:2,_ZN43MovieCollectionTest_LexicographicOrder_TestD0Ev
FNDA:2,_ZN43MovieCollectionTest_LexicographicOrder_TestD2Ev
FNDA:2,_ZN33MovieCollectionTest_DeepCopy_Test8TestBodyEv
FNDA:2,_ZN33MovieCollectionTest_DeepCopy_TestC2Ev
FNDA:2,_ZN33MovieCollectionTest_DeepCopy_TestD0Ev
FNDA:2,_ZN33MovieCollectionTest_DeepCopy_TestD2Ev
FNF:36
FNH:36
DA:5,8
DA:6,2
DA:7,2
DA:8,2
DA:10,8
DA:11,4
DA:12,8
DA:13,2
DA:14,2
DA:16,8
DA:17,4
DA:18,8
DA:19,6
DA:20,2
DA:21,2
DA:23,8
DA:24,4
DA:25,8
DA:26,8
DA:27,6
DA:28,2
DA:29,2
DA:31,8
DA:32,4
DA:33,8
DA:34,6
DA:35,2
DA:36,2
DA:38,8
DA:39,4
DA:40,8
DA:41,8
DA:42,2
DA:43,2
DA:45,8
DA:46,4
DA:47,8
DA:48,4
DA:49,4
DA:50,2
DA:52,8
DA:53,4
DA:54,8
DA:55,8
DA:56,6
DA:57,2
DA:58,2
DA:59,2
DA:60,2
DA:61,2
DA:63,8
DA:64,4
DA:65,6
DA:66,2
DA:67,6
DA:68,2
DA:69,2
DA:70,2
LF:58
LH:58
end_of_record
TN:
SF:/home/zasherma/Dev/ZachsCode/Movie_Book_Recommender/librarybuilder/test/UtilTest.cpp
FN:12,12,_ZN30UtilTest_PrepareTableName_Test8TestBodyEv
FN:12,12,_ZN30UtilTest_PrepareTableName_TestC2Ev
FN:12,12,_ZN30UtilTest_PrepareTableName_TestD0Ev
FN:12,12,_ZN30UtilTest_PrepareTableName_TestD2Ev
FN:4,4,_ZN28UtilTest_ValidTableName_Test8TestBodyEv
FN:4,4,_ZN28UtilTest_ValidTableName_TestC2Ev
FN:4,4,_ZN28UtilTest_ValidTableName_TestD0Ev
FN:4,4,_ZN28UtilTest_ValidTableName_TestD2Ev
FN:8,8,_ZN30UtilTest_InvalidTableName_Test8TestBodyEv
FN:8,8,_ZN30UtilTest_InvalidTableName_TestC2Ev
FN:8,8,_ZN30UtilTest_InvalidTableName_TestD0Ev
FN:8,8,_ZN30UtilTest_InvalidTableName_TestD2Ev
FNDA:1,_ZN30UtilTest_PrepareTableName_Test8TestBodyEv
FNDA:1,_ZN30UtilTest_PrepareTableName_TestC2Ev
FNDA:1,_ZN30UtilTest_PrepareTableName_TestD0Ev
FNDA:1,_ZN30UtilTest_PrepareTableName_TestD2Ev
FNDA:1,_ZN28UtilTest_ValidTableName_Test8TestBodyEv
FNDA:1,_ZN28UtilTest_ValidTableName_TestC2Ev
FNDA:1,_ZN28UtilTest_ValidTableName_TestD0Ev
FNDA:1,_ZN28UtilTest_ValidTableName_TestD2Ev
FNDA:1,_ZN30UtilTest_InvalidTableName_Test8TestBodyEv
FNDA:1,_ZN30UtilTest_InvalidTableName_TestC2Ev
FNDA:1,_ZN30UtilTest_InvalidTableName_TestD0Ev
FNDA:1,_ZN30UtilTest_InvalidTableName_TestD2Ev
FNF:12
FNH:12
DA:4,4
DA:5,3
DA:6,1
DA:8,4
DA:9,3
DA:10,1
DA:12,4
DA:13,1
DA:14,1
DA:15,1
DA:16,1
LF:11
LH:11
end_of_record
